<?xml version="1.0" encoding="UTF-8"?>
<!-- Generated by org.testng.reporters.JUnitReportReporter -->
<testsuite skipped="0" hostname="Dellpc" name="com.crm.contacttest.SampleTest" tests="2" failures="0" timestamp="19 Oct 2021 11:18:21 GMT" time="0.004" errors="0">
  <testcase name="sampleTest" time="0.002" classname="com.crm.contacttest.SampleTest"/>
  <testcase name="editTest" time="0.002" classname="com.crm.contacttest.SampleTest"/>
</testsuite> <!-- com.crm.contacttest.SampleTest -->
