<?xml version="1.0" encoding="UTF-8"?>
<!-- Generated by org.testng.reporters.JUnitReportReporter -->
<testsuite skipped="0" hostname="Dellpc" name="com.crm.contacttest.ContactTest" tests="2" failures="0" timestamp="19 Oct 2021 16:44:07 GMT" time="0.061" errors="0">
  <testcase name="createContactTest" time="0.058" classname="com.crm.contacttest.ContactTest"/>
  <testcase name="editContactTest" time="0.003" classname="com.crm.contacttest.ContactTest"/>
</testsuite> <!-- com.crm.contacttest.ContactTest -->
