<?xml version="1.0" encoding="UTF-8"?>
<!-- Generated by org.testng.reporters.JUnitReportReporter -->
<testsuite skipped="0" hostname="Dellpc" name="com.crm.orgtest.OrgTest" tests="2" failures="0" timestamp="19 Oct 2021 11:18:21 GMT" time="0.004" errors="0">
  <testcase name="createOrgTest" time="0.002" classname="com.crm.orgtest.OrgTest"/>
  <testcase name="editOrgTest" time="0.002" classname="com.crm.orgtest.OrgTest"/>
</testsuite> <!-- com.crm.orgtest.OrgTest -->
